2025-12-14 18:39:06,471 INFO u.Controller [JavaFX Application Thread] Starting the GUI ...
2025-12-14 18:39:06,472 INFO w.ControlPanel [JavaFX Application Thread] ControlPanel created - call startSimulation() to begin
2025-12-14 18:39:06,472 INFO u.Controller [JavaFX Application Thread] Connecting to SUMO to fetch map...
2025-12-14 18:39:07,026 INFO w.TrafficLightWrapper [JavaFX Application Thread] Loaded 354 connections from XML.
2025-12-14 18:39:12,896 INFO u.Controller [JavaFX Application Thread] Resuming Simulation Loop...
2025-12-14 18:39:12,899 INFO w.ControlPanel [JavaFX Application Thread] Step to: 1.0
2025-12-14 18:39:13,007 INFO w.ControlPanel [JavaFX Application Thread] Step to: 2.0
2025-12-14 18:39:13,116 INFO w.ControlPanel [JavaFX Application Thread] Step to: 3.0
2025-12-14 18:39:13,215 INFO w.ControlPanel [JavaFX Application Thread] Step to: 4.0
2025-12-14 18:39:13,315 INFO w.ControlPanel [JavaFX Application Thread] Step to: 5.0
2025-12-14 18:39:13,424 INFO w.ControlPanel [JavaFX Application Thread] Step to: 6.0
2025-12-14 18:39:13,532 INFO w.ControlPanel [JavaFX Application Thread] Step to: 7.0
2025-12-14 18:39:13,632 INFO w.ControlPanel [JavaFX Application Thread] Step to: 8.0
2025-12-14 18:39:13,740 INFO w.ControlPanel [JavaFX Application Thread] Step to: 9.0
2025-12-14 18:39:13,840 INFO w.ControlPanel [JavaFX Application Thread] Step to: 10.0
2025-12-14 18:39:13,948 INFO w.ControlPanel [JavaFX Application Thread] Step to: 11.0
2025-12-14 18:39:14,049 INFO w.ControlPanel [JavaFX Application Thread] Step to: 12.0
2025-12-14 18:39:14,157 INFO w.ControlPanel [JavaFX Application Thread] Step to: 13.0
2025-12-14 18:39:14,266 INFO w.ControlPanel [JavaFX Application Thread] Step to: 14.0
2025-12-14 18:39:14,374 INFO w.ControlPanel [JavaFX Application Thread] Step to: 15.0
2025-12-14 18:39:14,474 INFO w.ControlPanel [JavaFX Application Thread] Step to: 16.0
2025-12-14 18:39:14,574 INFO w.ControlPanel [JavaFX Application Thread] Step to: 17.0
2025-12-14 18:39:14,681 INFO w.ControlPanel [JavaFX Application Thread] Step to: 18.0
2025-12-14 18:39:14,782 INFO w.ControlPanel [JavaFX Application Thread] Step to: 19.0
2025-12-14 18:39:14,890 INFO w.ControlPanel [JavaFX Application Thread] Step to: 20.0
2025-12-14 18:39:14,999 INFO w.ControlPanel [JavaFX Application Thread] Step to: 21.0
2025-12-14 18:39:15,099 INFO w.ControlPanel [JavaFX Application Thread] Step to: 22.0
2025-12-14 18:39:15,207 INFO w.ControlPanel [JavaFX Application Thread] Step to: 23.0
2025-12-14 18:39:15,307 INFO w.ControlPanel [JavaFX Application Thread] Step to: 24.0
2025-12-14 18:39:15,415 INFO w.ControlPanel [JavaFX Application Thread] Step to: 25.0
2025-12-14 18:39:15,515 INFO w.ControlPanel [JavaFX Application Thread] Step to: 26.0
2025-12-14 18:39:15,619 INFO w.ControlPanel [JavaFX Application Thread] Step to: 27.0
2025-12-14 18:39:15,728 INFO w.ControlPanel [JavaFX Application Thread] Step to: 28.0
2025-12-14 18:39:15,828 INFO w.ControlPanel [JavaFX Application Thread] Step to: 29.0
2025-12-14 18:39:15,932 INFO w.ControlPanel [JavaFX Application Thread] Step to: 30.0
2025-12-14 18:39:16,040 INFO w.ControlPanel [JavaFX Application Thread] Step to: 31.0
2025-12-14 18:39:16,140 INFO w.ControlPanel [JavaFX Application Thread] Step to: 32.0
2025-12-14 18:39:16,248 INFO w.ControlPanel [JavaFX Application Thread] Step to: 33.0
2025-12-14 18:39:16,357 INFO w.ControlPanel [JavaFX Application Thread] Step to: 34.0
2025-12-14 18:39:16,465 INFO w.ControlPanel [JavaFX Application Thread] Step to: 35.0
2025-12-14 18:39:16,573 INFO w.ControlPanel [JavaFX Application Thread] Step to: 36.0
2025-12-14 18:39:16,678 INFO w.ControlPanel [JavaFX Application Thread] Step to: 37.0
2025-12-14 18:39:16,786 INFO w.ControlPanel [JavaFX Application Thread] Step to: 38.0
2025-12-14 18:39:16,894 INFO w.ControlPanel [JavaFX Application Thread] Step to: 39.0
2025-12-14 18:39:16,994 INFO w.ControlPanel [JavaFX Application Thread] Step to: 40.0
2025-12-14 18:39:17,103 INFO w.ControlPanel [JavaFX Application Thread] Step to: 41.0
2025-12-14 18:39:17,203 INFO w.ControlPanel [JavaFX Application Thread] Step to: 42.0
2025-12-14 18:39:17,303 INFO w.ControlPanel [JavaFX Application Thread] Step to: 43.0
2025-12-14 18:39:17,411 INFO w.ControlPanel [JavaFX Application Thread] Step to: 44.0
2025-12-14 18:39:17,511 INFO w.ControlPanel [JavaFX Application Thread] Step to: 45.0
2025-12-14 18:39:17,611 INFO w.ControlPanel [JavaFX Application Thread] Step to: 46.0
2025-12-14 18:39:17,719 INFO w.ControlPanel [JavaFX Application Thread] Step to: 47.0
2025-12-14 18:39:17,828 INFO w.ControlPanel [JavaFX Application Thread] Step to: 48.0
2025-12-14 18:39:17,936 INFO w.ControlPanel [JavaFX Application Thread] Step to: 49.0
2025-12-14 18:39:18,044 INFO w.ControlPanel [JavaFX Application Thread] Step to: 50.0
2025-12-14 18:39:18,152 INFO w.ControlPanel [JavaFX Application Thread] Step to: 51.0
2025-12-14 18:39:18,174 INFO u.Controller [JavaFX Application Thread] Adding Vehicle...
2025-12-14 18:39:18,253 INFO w.ControlPanel [JavaFX Application Thread] Step to: 52.0
2025-12-14 18:39:18,302 INFO u.Controller [JavaFX Application Thread] Adding Vehicle...
2025-12-14 18:39:18,360 INFO w.ControlPanel [JavaFX Application Thread] Step to: 53.0
2025-12-14 18:39:18,458 INFO u.Controller [JavaFX Application Thread] Adding Vehicle...
2025-12-14 18:39:18,480 INFO w.ControlPanel [JavaFX Application Thread] Step to: 54.0
2025-12-14 18:39:18,586 INFO w.ControlPanel [JavaFX Application Thread] Step to: 55.0
2025-12-14 18:39:18,611 INFO u.Controller [JavaFX Application Thread] Adding Vehicle...
2025-12-14 18:39:18,686 INFO w.ControlPanel [JavaFX Application Thread] Step to: 56.0
2025-12-14 18:39:18,768 INFO u.Controller [JavaFX Application Thread] Adding Vehicle...
2025-12-14 18:39:18,790 INFO w.ControlPanel [JavaFX Application Thread] Step to: 57.0
2025-12-14 18:39:18,894 INFO w.ControlPanel [JavaFX Application Thread] Step to: 58.0
2025-12-14 18:39:18,921 INFO u.Controller [JavaFX Application Thread] Adding Vehicle...
2025-12-14 18:39:19,002 INFO w.ControlPanel [JavaFX Application Thread] Step to: 59.0
2025-12-14 18:39:19,069 INFO u.Controller [JavaFX Application Thread] Adding Vehicle...
2025-12-14 18:39:19,103 INFO w.ControlPanel [JavaFX Application Thread] Step to: 60.0
2025-12-14 18:39:19,203 INFO w.ControlPanel [JavaFX Application Thread] Step to: 61.0
2025-12-14 18:39:19,228 INFO u.Controller [JavaFX Application Thread] Adding Vehicle...
2025-12-14 18:39:19,303 INFO w.ControlPanel [JavaFX Application Thread] Step to: 62.0
2025-12-14 18:39:19,387 INFO u.Controller [JavaFX Application Thread] Adding Vehicle...
2025-12-14 18:39:19,407 INFO w.ControlPanel [JavaFX Application Thread] Step to: 63.0
2025-12-14 18:39:19,511 INFO w.ControlPanel [JavaFX Application Thread] Step to: 64.0
2025-12-14 18:39:19,536 INFO u.Controller [JavaFX Application Thread] Adding Vehicle...
2025-12-14 18:39:19,620 INFO w.ControlPanel [JavaFX Application Thread] Step to: 65.0
2025-12-14 18:39:19,685 INFO u.Controller [JavaFX Application Thread] Adding Vehicle...
2025-12-14 18:39:19,728 INFO w.ControlPanel [JavaFX Application Thread] Step to: 66.0
2025-12-14 18:39:19,836 INFO w.ControlPanel [JavaFX Application Thread] Step to: 67.0
2025-12-14 18:39:19,862 INFO u.Controller [JavaFX Application Thread] Adding Vehicle...
2025-12-14 18:39:19,944 INFO w.ControlPanel [JavaFX Application Thread] Step to: 68.0
2025-12-14 18:39:20,004 INFO u.Controller [JavaFX Application Thread] Adding Vehicle...
2025-12-14 18:39:20,044 INFO w.ControlPanel [JavaFX Application Thread] Step to: 69.0
2025-12-14 18:39:20,153 INFO w.ControlPanel [JavaFX Application Thread] Step to: 70.0
2025-12-14 18:39:20,178 INFO u.Controller [JavaFX Application Thread] Adding Vehicle...
2025-12-14 18:39:20,253 INFO w.ControlPanel [JavaFX Application Thread] Step to: 71.0
2025-12-14 18:39:20,311 INFO u.Controller [JavaFX Application Thread] Adding Vehicle...
2025-12-14 18:39:20,353 INFO w.ControlPanel [JavaFX Application Thread] Step to: 72.0
2025-12-14 18:39:20,453 INFO u.Controller [JavaFX Application Thread] Adding Vehicle...
2025-12-14 18:39:20,475 INFO w.ControlPanel [JavaFX Application Thread] Step to: 73.0
2025-12-14 18:39:20,578 INFO w.ControlPanel [JavaFX Application Thread] Step to: 74.0
2025-12-14 18:39:20,601 INFO u.Controller [JavaFX Application Thread] Adding Vehicle...
2025-12-14 18:39:20,686 INFO w.ControlPanel [JavaFX Application Thread] Step to: 75.0
2025-12-14 18:39:20,786 INFO w.ControlPanel [JavaFX Application Thread] Step to: 76.0
2025-12-14 18:39:20,886 INFO w.ControlPanel [JavaFX Application Thread] Step to: 77.0
2025-12-14 18:39:20,994 INFO w.ControlPanel [JavaFX Application Thread] Step to: 78.0
2025-12-14 18:39:21,103 INFO w.ControlPanel [JavaFX Application Thread] Step to: 79.0
2025-12-14 18:39:21,211 INFO w.ControlPanel [JavaFX Application Thread] Step to: 80.0
2025-12-14 18:39:21,319 INFO w.ControlPanel [JavaFX Application Thread] Step to: 81.0
2025-12-14 18:39:21,428 INFO w.ControlPanel [JavaFX Application Thread] Step to: 82.0
2025-12-14 18:39:21,536 INFO w.ControlPanel [JavaFX Application Thread] Step to: 83.0
2025-12-14 18:39:21,636 INFO w.ControlPanel [JavaFX Application Thread] Step to: 84.0
2025-12-14 18:39:21,744 INFO w.ControlPanel [JavaFX Application Thread] Step to: 85.0
2025-12-14 18:39:21,844 INFO w.ControlPanel [JavaFX Application Thread] Step to: 86.0
2025-12-14 18:39:21,953 INFO w.ControlPanel [JavaFX Application Thread] Step to: 87.0
2025-12-14 18:39:22,053 INFO w.ControlPanel [JavaFX Application Thread] Step to: 88.0
2025-12-14 18:39:22,158 INFO w.ControlPanel [JavaFX Application Thread] Step to: 89.0
2025-12-14 18:39:22,265 INFO w.ControlPanel [JavaFX Application Thread] Step to: 90.0
2025-12-14 18:39:22,365 INFO w.ControlPanel [JavaFX Application Thread] Step to: 91.0
2025-12-14 18:39:22,465 INFO w.ControlPanel [JavaFX Application Thread] Step to: 92.0
2025-12-14 18:39:22,569 INFO w.ControlPanel [JavaFX Application Thread] Step to: 93.0
2025-12-14 18:39:22,670 INFO w.ControlPanel [JavaFX Application Thread] Step to: 94.0
2025-12-14 18:39:22,778 INFO w.ControlPanel [JavaFX Application Thread] Step to: 95.0
2025-12-14 18:39:22,886 INFO w.ControlPanel [JavaFX Application Thread] Step to: 96.0
2025-12-14 18:39:22,986 INFO w.ControlPanel [JavaFX Application Thread] Step to: 97.0
2025-12-14 18:39:23,094 INFO w.ControlPanel [JavaFX Application Thread] Step to: 98.0
2025-12-14 18:39:23,203 INFO w.ControlPanel [JavaFX Application Thread] Step to: 99.0
2025-12-14 18:39:23,311 INFO w.ControlPanel [JavaFX Application Thread] Step to: 100.0
2025-12-14 18:39:23,411 INFO w.ControlPanel [JavaFX Application Thread] Step to: 101.0
2025-12-14 18:39:23,519 INFO w.ControlPanel [JavaFX Application Thread] Step to: 102.0
2025-12-14 18:39:23,628 INFO w.ControlPanel [JavaFX Application Thread] Step to: 103.0
2025-12-14 18:39:23,732 INFO w.ControlPanel [JavaFX Application Thread] Step to: 104.0
2025-12-14 18:39:23,840 INFO w.ControlPanel [JavaFX Application Thread] Step to: 105.0
2025-12-14 18:39:23,949 INFO w.ControlPanel [JavaFX Application Thread] Step to: 106.0
2025-12-14 18:39:24,057 INFO w.ControlPanel [JavaFX Application Thread] Step to: 107.0
2025-12-14 18:39:24,165 INFO w.ControlPanel [JavaFX Application Thread] Step to: 108.0
2025-12-14 18:39:24,273 INFO w.ControlPanel [JavaFX Application Thread] Step to: 109.0
2025-12-14 18:39:24,373 INFO w.ControlPanel [JavaFX Application Thread] Step to: 110.0
2025-12-14 18:39:24,482 INFO w.ControlPanel [JavaFX Application Thread] Step to: 111.0
2025-12-14 18:39:24,586 INFO w.ControlPanel [JavaFX Application Thread] Step to: 112.0
2025-12-14 18:39:24,686 INFO w.ControlPanel [JavaFX Application Thread] Step to: 113.0
2025-12-14 18:39:24,794 INFO w.ControlPanel [JavaFX Application Thread] Step to: 114.0
2025-12-14 18:39:24,903 INFO w.ControlPanel [JavaFX Application Thread] Step to: 115.0
2025-12-14 18:39:25,003 INFO w.ControlPanel [JavaFX Application Thread] Step to: 116.0
2025-12-14 18:39:25,111 INFO w.ControlPanel [JavaFX Application Thread] Step to: 117.0
2025-12-14 18:39:25,211 INFO w.ControlPanel [JavaFX Application Thread] Step to: 118.0
2025-12-14 18:39:25,319 INFO w.ControlPanel [JavaFX Application Thread] Step to: 119.0
2025-12-14 18:39:25,428 INFO w.ControlPanel [JavaFX Application Thread] Step to: 120.0
2025-12-14 18:39:25,535 INFO w.ControlPanel [JavaFX Application Thread] Step to: 121.0
2025-12-14 18:39:25,636 INFO w.ControlPanel [JavaFX Application Thread] Step to: 122.0
2025-12-14 18:39:25,736 INFO w.ControlPanel [JavaFX Application Thread] Step to: 123.0
2025-12-14 18:39:25,844 INFO w.ControlPanel [JavaFX Application Thread] Step to: 124.0
2025-12-14 18:39:25,953 INFO w.ControlPanel [JavaFX Application Thread] Step to: 125.0
2025-12-14 18:39:26,071 INFO w.ControlPanel [JavaFX Application Thread] Step to: 126.0
2025-12-14 18:39:26,177 INFO w.ControlPanel [JavaFX Application Thread] Step to: 127.0
2025-12-14 18:39:26,278 INFO w.ControlPanel [JavaFX Application Thread] Step to: 128.0
2025-12-14 18:39:26,378 INFO w.ControlPanel [JavaFX Application Thread] Step to: 129.0
2025-12-14 18:39:26,485 INFO w.ControlPanel [JavaFX Application Thread] Step to: 130.0
2025-12-14 18:39:26,586 INFO w.ControlPanel [JavaFX Application Thread] Step to: 131.0
2025-12-14 18:39:26,694 INFO w.ControlPanel [JavaFX Application Thread] Step to: 132.0
2025-12-14 18:39:26,794 INFO w.ControlPanel [JavaFX Application Thread] Step to: 133.0
2025-12-14 18:39:26,902 INFO w.ControlPanel [JavaFX Application Thread] Step to: 134.0
2025-12-14 18:39:27,003 INFO w.ControlPanel [JavaFX Application Thread] Step to: 135.0
2025-12-14 18:39:27,103 INFO w.ControlPanel [JavaFX Application Thread] Step to: 136.0
2025-12-14 18:39:27,211 INFO w.ControlPanel [JavaFX Application Thread] Step to: 137.0
2025-12-14 18:39:27,319 INFO w.ControlPanel [JavaFX Application Thread] Step to: 138.0
2025-12-14 18:39:27,428 INFO w.ControlPanel [JavaFX Application Thread] Step to: 139.0
2025-12-14 18:39:27,536 INFO w.ControlPanel [JavaFX Application Thread] Step to: 140.0
2025-12-14 18:39:27,636 INFO w.ControlPanel [JavaFX Application Thread] Step to: 141.0
2025-12-14 18:39:27,736 INFO w.ControlPanel [JavaFX Application Thread] Step to: 142.0
2025-12-14 18:39:27,836 INFO w.ControlPanel [JavaFX Application Thread] Step to: 143.0
2025-12-14 18:39:27,928 INFO u.Controller [JavaFX Application Thread] Stopping Simulation...
2025-12-14 18:39:29,509 INFO u.Controller [JavaFX Application Thread] Performing Stress Test
2025-12-14 18:39:29,553 INFO w.ControlPanel [JavaFX Application Thread] Strees Testing successfully
2025-12-14 18:39:29,564 INFO u.Controller [JavaFX Application Thread] Adding 500 to the simulation
2025-12-14 18:39:30,870 INFO u.Controller [JavaFX Application Thread] Resuming Simulation Loop...
2025-12-14 18:39:30,878 INFO w.ControlPanel [JavaFX Application Thread] Step to: 144.0
2025-12-14 18:39:30,978 INFO w.ControlPanel [JavaFX Application Thread] Step to: 145.0
2025-12-14 18:39:31,086 INFO w.ControlPanel [JavaFX Application Thread] Step to: 146.0
2025-12-14 18:39:31,195 INFO w.ControlPanel [JavaFX Application Thread] Step to: 147.0
2025-12-14 18:39:31,303 INFO w.ControlPanel [JavaFX Application Thread] Step to: 148.0
2025-12-14 18:39:31,411 INFO w.ControlPanel [JavaFX Application Thread] Step to: 149.0
2025-12-14 18:39:31,520 INFO w.ControlPanel [JavaFX Application Thread] Step to: 150.0
2025-12-14 18:39:31,620 INFO w.ControlPanel [JavaFX Application Thread] Step to: 151.0
2025-12-14 18:39:31,728 INFO w.ControlPanel [JavaFX Application Thread] Step to: 152.0
2025-12-14 18:39:31,828 INFO w.ControlPanel [JavaFX Application Thread] Step to: 153.0
2025-12-14 18:39:31,936 INFO w.ControlPanel [JavaFX Application Thread] Step to: 154.0
2025-12-14 18:39:32,045 INFO w.ControlPanel [JavaFX Application Thread] Step to: 155.0
2025-12-14 18:39:32,145 INFO w.ControlPanel [JavaFX Application Thread] Step to: 156.0
2025-12-14 18:39:32,245 INFO w.ControlPanel [JavaFX Application Thread] Step to: 157.0
2025-12-14 18:39:32,353 INFO w.ControlPanel [JavaFX Application Thread] Step to: 158.0
2025-12-14 18:39:32,453 INFO w.ControlPanel [JavaFX Application Thread] Step to: 159.0
2025-12-14 18:39:32,562 INFO w.ControlPanel [JavaFX Application Thread] Step to: 160.0
2025-12-14 18:39:32,666 INFO w.ControlPanel [JavaFX Application Thread] Step to: 161.0
2025-12-14 18:39:32,774 INFO w.ControlPanel [JavaFX Application Thread] Step to: 162.0
2025-12-14 18:39:32,882 INFO w.ControlPanel [JavaFX Application Thread] Step to: 163.0
2025-12-14 18:39:32,986 INFO w.ControlPanel [JavaFX Application Thread] Step to: 164.0
2025-12-14 18:39:33,090 INFO w.ControlPanel [JavaFX Application Thread] Step to: 165.0
2025-12-14 18:39:33,194 INFO w.ControlPanel [JavaFX Application Thread] Step to: 166.0
2025-12-14 18:39:33,298 INFO w.ControlPanel [JavaFX Application Thread] Step to: 167.0
2025-12-14 18:39:33,399 INFO w.ControlPanel [JavaFX Application Thread] Step to: 168.0
2025-12-14 18:39:33,507 INFO w.ControlPanel [JavaFX Application Thread] Step to: 169.0
2025-12-14 18:39:33,616 INFO w.ControlPanel [JavaFX Application Thread] Step to: 170.0
2025-12-14 18:39:33,716 INFO w.ControlPanel [JavaFX Application Thread] Step to: 171.0
2025-12-14 18:39:33,824 INFO w.ControlPanel [JavaFX Application Thread] Step to: 172.0
2025-12-14 18:39:33,932 INFO w.ControlPanel [JavaFX Application Thread] Step to: 173.0
2025-12-14 18:39:34,041 INFO w.ControlPanel [JavaFX Application Thread] Step to: 174.0
2025-12-14 18:39:34,149 INFO w.ControlPanel [JavaFX Application Thread] Step to: 175.0
2025-12-14 18:39:34,258 INFO w.ControlPanel [JavaFX Application Thread] Step to: 176.0
2025-12-14 18:39:34,365 INFO w.ControlPanel [JavaFX Application Thread] Step to: 177.0
2025-12-14 18:39:34,466 INFO w.ControlPanel [JavaFX Application Thread] Step to: 178.0
2025-12-14 18:39:34,566 INFO w.ControlPanel [JavaFX Application Thread] Step to: 179.0
2025-12-14 18:39:34,674 INFO w.ControlPanel [JavaFX Application Thread] Step to: 180.0
2025-12-14 18:39:34,776 INFO w.ControlPanel [JavaFX Application Thread] Step to: 181.0
2025-12-14 18:39:34,874 INFO w.ControlPanel [JavaFX Application Thread] Step to: 182.0
2025-12-14 18:39:34,983 INFO w.ControlPanel [JavaFX Application Thread] Step to: 183.0
2025-12-14 18:39:35,091 INFO w.ControlPanel [JavaFX Application Thread] Step to: 184.0
2025-12-14 18:39:35,200 INFO w.ControlPanel [JavaFX Application Thread] Step to: 185.0
2025-12-14 18:39:35,308 INFO w.ControlPanel [JavaFX Application Thread] Step to: 186.0
2025-12-14 18:39:35,408 INFO w.ControlPanel [JavaFX Application Thread] Step to: 187.0
2025-12-14 18:39:35,516 INFO w.ControlPanel [JavaFX Application Thread] Step to: 188.0
2025-12-14 18:39:35,616 INFO w.ControlPanel [JavaFX Application Thread] Step to: 189.0
2025-12-14 18:39:35,721 INFO w.ControlPanel [JavaFX Application Thread] Step to: 190.0
2025-12-14 18:39:35,829 INFO w.ControlPanel [JavaFX Application Thread] Step to: 191.0
2025-12-14 18:39:35,937 INFO w.ControlPanel [JavaFX Application Thread] Step to: 192.0
2025-12-14 18:39:36,045 INFO w.ControlPanel [JavaFX Application Thread] Step to: 193.0
2025-12-14 18:39:36,153 INFO w.ControlPanel [JavaFX Application Thread] Step to: 194.0
2025-12-14 18:39:36,262 INFO w.ControlPanel [JavaFX Application Thread] Step to: 195.0
2025-12-14 18:39:36,370 INFO w.ControlPanel [JavaFX Application Thread] Step to: 196.0
2025-12-14 18:39:36,479 INFO w.ControlPanel [JavaFX Application Thread] Step to: 197.0
2025-12-14 18:39:36,587 INFO w.ControlPanel [JavaFX Application Thread] Step to: 198.0
2025-12-14 18:39:36,687 INFO w.ControlPanel [JavaFX Application Thread] Step to: 199.0
2025-12-14 18:39:36,795 INFO w.ControlPanel [JavaFX Application Thread] Step to: 200.0
2025-12-14 18:39:36,895 INFO w.ControlPanel [JavaFX Application Thread] Step to: 201.0
2025-12-14 18:39:37,003 INFO w.ControlPanel [JavaFX Application Thread] Step to: 202.0
2025-12-14 18:39:37,112 INFO w.ControlPanel [JavaFX Application Thread] Step to: 203.0
2025-12-14 18:39:37,212 INFO w.ControlPanel [JavaFX Application Thread] Step to: 204.0
2025-12-14 18:39:37,320 INFO w.ControlPanel [JavaFX Application Thread] Step to: 205.0
2025-12-14 18:39:37,420 INFO w.ControlPanel [JavaFX Application Thread] Step to: 206.0
2025-12-14 18:39:37,529 INFO w.ControlPanel [JavaFX Application Thread] Step to: 207.0
2025-12-14 18:39:37,637 INFO w.ControlPanel [JavaFX Application Thread] Step to: 208.0
2025-12-14 18:39:37,745 INFO w.ControlPanel [JavaFX Application Thread] Step to: 209.0
2025-12-14 18:39:37,854 INFO w.ControlPanel [JavaFX Application Thread] Step to: 210.0
2025-12-14 18:39:37,962 INFO w.ControlPanel [JavaFX Application Thread] Step to: 211.0
2025-12-14 18:39:38,069 INFO w.ControlPanel [JavaFX Application Thread] Step to: 212.0
2025-12-14 18:39:38,170 INFO w.ControlPanel [JavaFX Application Thread] Step to: 213.0
2025-12-14 18:39:38,270 INFO w.ControlPanel [JavaFX Application Thread] Step to: 214.0
2025-12-14 18:39:38,379 INFO w.ControlPanel [JavaFX Application Thread] Step to: 215.0
2025-12-14 18:39:38,487 INFO w.ControlPanel [JavaFX Application Thread] Step to: 216.0
2025-12-14 18:39:38,595 INFO w.ControlPanel [JavaFX Application Thread] Step to: 217.0
2025-12-14 18:39:38,695 INFO w.ControlPanel [JavaFX Application Thread] Step to: 218.0
2025-12-14 18:39:38,804 INFO w.ControlPanel [JavaFX Application Thread] Step to: 219.0
2025-12-14 18:39:38,912 INFO w.ControlPanel [JavaFX Application Thread] Step to: 220.0
2025-12-14 18:39:39,012 INFO w.ControlPanel [JavaFX Application Thread] Step to: 221.0
2025-12-14 18:39:39,120 INFO w.ControlPanel [JavaFX Application Thread] Step to: 222.0
2025-12-14 18:39:39,220 INFO w.ControlPanel [JavaFX Application Thread] Step to: 223.0
2025-12-14 18:39:39,328 INFO w.ControlPanel [JavaFX Application Thread] Step to: 224.0
2025-12-14 18:39:39,428 INFO w.ControlPanel [JavaFX Application Thread] Step to: 225.0
2025-12-14 18:39:39,537 INFO w.ControlPanel [JavaFX Application Thread] Step to: 226.0
2025-12-14 18:39:39,637 INFO w.ControlPanel [JavaFX Application Thread] Step to: 227.0
2025-12-14 18:39:39,745 INFO w.ControlPanel [JavaFX Application Thread] Step to: 228.0
2025-12-14 18:39:39,845 INFO w.ControlPanel [JavaFX Application Thread] Step to: 229.0
2025-12-14 18:39:39,953 INFO w.ControlPanel [JavaFX Application Thread] Step to: 230.0
2025-12-14 18:39:40,053 INFO w.ControlPanel [JavaFX Application Thread] Step to: 231.0
2025-12-14 18:39:40,153 INFO w.ControlPanel [JavaFX Application Thread] Step to: 232.0
2025-12-14 18:39:40,262 INFO w.ControlPanel [JavaFX Application Thread] Step to: 233.0
2025-12-14 18:39:40,362 INFO w.ControlPanel [JavaFX Application Thread] Step to: 234.0
2025-12-14 18:39:40,471 INFO w.ControlPanel [JavaFX Application Thread] Step to: 235.0
2025-12-14 18:39:40,578 INFO w.ControlPanel [JavaFX Application Thread] Step to: 236.0
2025-12-14 18:39:40,678 INFO w.ControlPanel [JavaFX Application Thread] Step to: 237.0
2025-12-14 18:39:40,783 INFO w.ControlPanel [JavaFX Application Thread] Step to: 238.0
2025-12-14 18:39:40,891 INFO w.ControlPanel [JavaFX Application Thread] Step to: 239.0
2025-12-14 18:39:40,999 INFO w.ControlPanel [JavaFX Application Thread] Step to: 240.0
2025-12-14 18:39:41,108 INFO w.ControlPanel [JavaFX Application Thread] Step to: 241.0
2025-12-14 18:39:41,216 INFO w.ControlPanel [JavaFX Application Thread] Step to: 242.0
2025-12-14 18:39:41,316 INFO w.ControlPanel [JavaFX Application Thread] Step to: 243.0
2025-12-14 18:39:41,424 INFO w.ControlPanel [JavaFX Application Thread] Step to: 244.0
2025-12-14 18:39:41,533 INFO w.ControlPanel [JavaFX Application Thread] Step to: 245.0
2025-12-14 18:39:41,641 INFO w.ControlPanel [JavaFX Application Thread] Step to: 246.0
2025-12-14 18:39:41,741 INFO w.ControlPanel [JavaFX Application Thread] Step to: 247.0
2025-12-14 18:39:41,850 INFO w.ControlPanel [JavaFX Application Thread] Step to: 248.0
2025-12-14 18:39:41,968 INFO w.ControlPanel [JavaFX Application Thread] Step to: 249.0
2025-12-14 18:39:42,074 INFO w.ControlPanel [JavaFX Application Thread] Step to: 250.0
2025-12-14 18:39:42,175 INFO w.ControlPanel [JavaFX Application Thread] Step to: 251.0
2025-12-14 18:39:42,283 INFO w.ControlPanel [JavaFX Application Thread] Step to: 252.0
2025-12-14 18:39:42,391 INFO w.ControlPanel [JavaFX Application Thread] Step to: 253.0
2025-12-14 18:39:42,499 INFO w.ControlPanel [JavaFX Application Thread] Step to: 254.0
2025-12-14 18:39:42,607 INFO w.ControlPanel [JavaFX Application Thread] Step to: 255.0
2025-12-14 18:39:42,708 INFO w.ControlPanel [JavaFX Application Thread] Step to: 256.0
2025-12-14 18:39:42,816 INFO w.ControlPanel [JavaFX Application Thread] Step to: 257.0
2025-12-14 18:39:42,916 INFO w.ControlPanel [JavaFX Application Thread] Step to: 258.0
2025-12-14 18:39:43,024 INFO w.ControlPanel [JavaFX Application Thread] Step to: 259.0
2025-12-14 18:39:43,124 INFO w.ControlPanel [JavaFX Application Thread] Step to: 260.0
2025-12-14 18:39:43,224 INFO w.ControlPanel [JavaFX Application Thread] Step to: 261.0
2025-12-14 18:39:43,332 INFO w.ControlPanel [JavaFX Application Thread] Step to: 262.0
2025-12-14 18:39:43,432 INFO w.ControlPanel [JavaFX Application Thread] Step to: 263.0
2025-12-14 18:39:43,541 INFO w.ControlPanel [JavaFX Application Thread] Step to: 264.0
2025-12-14 18:39:43,592 INFO u.Controller [JavaFX Application Thread] Restarting map...
2025-12-14 18:39:44,603 INFO w.ControlPanel [JavaFX Application Thread] Simulation restarted successfully
2025-12-14 18:39:44,616 INFO w.TrafficLightWrapper [JavaFX Application Thread] Loaded 354 connections from XML.
2025-12-14 18:39:44,660 INFO u.Controller [JavaFX Application Thread] Map returned to beginning state. Press Start to begin.
2025-12-14 18:39:57,769 INFO u.Controller [JavaFX Application Thread] Resuming Simulation Loop...
2025-12-14 18:39:57,778 INFO w.ControlPanel [JavaFX Application Thread] Step to: 1.0
2025-12-14 18:39:57,885 INFO w.ControlPanel [JavaFX Application Thread] Step to: 2.0
2025-12-14 18:39:57,995 INFO w.ControlPanel [JavaFX Application Thread] Step to: 3.0
2025-12-14 18:39:58,102 INFO w.ControlPanel [JavaFX Application Thread] Step to: 4.0
2025-12-14 18:39:58,211 INFO w.ControlPanel [JavaFX Application Thread] Step to: 5.0
2025-12-14 18:39:58,319 INFO w.ControlPanel [JavaFX Application Thread] Step to: 6.0
2025-12-14 18:39:58,428 INFO w.ControlPanel [JavaFX Application Thread] Step to: 7.0
2025-12-14 18:39:58,536 INFO w.ControlPanel [JavaFX Application Thread] Step to: 8.0
2025-12-14 18:39:58,644 INFO w.ControlPanel [JavaFX Application Thread] Step to: 9.0
2025-12-14 18:39:58,752 INFO w.ControlPanel [JavaFX Application Thread] Step to: 10.0
2025-12-14 18:39:58,861 INFO w.ControlPanel [JavaFX Application Thread] Step to: 11.0
2025-12-14 18:39:58,969 INFO w.ControlPanel [JavaFX Application Thread] Step to: 12.0
2025-12-14 18:39:59,069 INFO w.ControlPanel [JavaFX Application Thread] Step to: 13.0
2025-12-14 18:39:59,177 INFO w.ControlPanel [JavaFX Application Thread] Step to: 14.0
2025-12-14 18:39:59,286 INFO w.ControlPanel [JavaFX Application Thread] Step to: 15.0
2025-12-14 18:39:59,386 INFO w.ControlPanel [JavaFX Application Thread] Step to: 16.0
2025-12-14 18:39:59,494 INFO w.ControlPanel [JavaFX Application Thread] Step to: 17.0
2025-12-14 18:39:59,598 INFO w.ControlPanel [JavaFX Application Thread] Step to: 18.0
2025-12-14 18:39:59,702 INFO w.ControlPanel [JavaFX Application Thread] Step to: 19.0
2025-12-14 18:39:59,811 INFO w.ControlPanel [JavaFX Application Thread] Step to: 20.0
2025-12-14 18:39:59,911 INFO w.ControlPanel [JavaFX Application Thread] Step to: 21.0
2025-12-14 18:40:00,019 INFO w.ControlPanel [JavaFX Application Thread] Step to: 22.0
2025-12-14 18:40:00,119 INFO w.ControlPanel [JavaFX Application Thread] Step to: 23.0
2025-12-14 18:40:00,219 INFO w.ControlPanel [JavaFX Application Thread] Step to: 24.0
2025-12-14 18:40:00,327 INFO w.ControlPanel [JavaFX Application Thread] Step to: 25.0
2025-12-14 18:40:00,436 INFO w.ControlPanel [JavaFX Application Thread] Step to: 26.0
2025-12-14 18:40:00,544 INFO w.ControlPanel [JavaFX Application Thread] Step to: 27.0
2025-12-14 18:40:00,648 INFO w.ControlPanel [JavaFX Application Thread] Step to: 28.0
2025-12-14 18:40:00,756 INFO w.ControlPanel [JavaFX Application Thread] Step to: 29.0
2025-12-14 18:40:00,857 INFO w.ControlPanel [JavaFX Application Thread] Step to: 30.0
2025-12-14 18:40:00,957 INFO w.ControlPanel [JavaFX Application Thread] Step to: 31.0
2025-12-14 18:40:01,057 INFO w.ControlPanel [JavaFX Application Thread] Step to: 32.0
2025-12-14 18:40:01,165 INFO w.ControlPanel [JavaFX Application Thread] Step to: 33.0
2025-12-14 18:40:01,273 INFO w.ControlPanel [JavaFX Application Thread] Step to: 34.0
2025-12-14 18:40:01,382 INFO w.ControlPanel [JavaFX Application Thread] Step to: 35.0
2025-12-14 18:40:01,490 INFO w.ControlPanel [JavaFX Application Thread] Step to: 36.0
2025-12-14 18:40:01,598 INFO w.ControlPanel [JavaFX Application Thread] Step to: 37.0
2025-12-14 18:40:01,698 INFO w.ControlPanel [JavaFX Application Thread] Step to: 38.0
2025-12-14 18:40:01,806 INFO w.ControlPanel [JavaFX Application Thread] Step to: 39.0
2025-12-14 18:40:01,915 INFO w.ControlPanel [JavaFX Application Thread] Step to: 40.0
2025-12-14 18:40:02,023 INFO w.ControlPanel [JavaFX Application Thread] Step to: 41.0
2025-12-14 18:40:02,123 INFO w.ControlPanel [JavaFX Application Thread] Step to: 42.0
2025-12-14 18:40:02,223 INFO w.ControlPanel [JavaFX Application Thread] Step to: 43.0
2025-12-14 18:40:02,331 INFO w.ControlPanel [JavaFX Application Thread] Step to: 44.0
2025-12-14 18:40:02,440 INFO w.ControlPanel [JavaFX Application Thread] Step to: 45.0
2025-12-14 18:40:02,548 INFO w.ControlPanel [JavaFX Application Thread] Step to: 46.0
2025-12-14 18:40:02,657 INFO w.ControlPanel [JavaFX Application Thread] Step to: 47.0
2025-12-14 18:40:02,765 INFO w.ControlPanel [JavaFX Application Thread] Step to: 48.0
2025-12-14 18:40:02,869 INFO w.ControlPanel [JavaFX Application Thread] Step to: 49.0
2025-12-14 18:40:02,969 INFO w.ControlPanel [JavaFX Application Thread] Step to: 50.0
2025-12-14 18:40:03,069 INFO w.ControlPanel [JavaFX Application Thread] Step to: 51.0
2025-12-14 18:40:03,169 INFO w.ControlPanel [JavaFX Application Thread] Step to: 52.0
2025-12-14 18:40:03,277 INFO w.ControlPanel [JavaFX Application Thread] Step to: 53.0
2025-12-14 18:40:03,377 INFO w.ControlPanel [JavaFX Application Thread] Step to: 54.0
2025-12-14 18:40:03,486 INFO w.ControlPanel [JavaFX Application Thread] Step to: 55.0
2025-12-14 18:40:03,586 INFO w.ControlPanel [JavaFX Application Thread] Step to: 56.0
2025-12-14 18:40:03,694 INFO w.ControlPanel [JavaFX Application Thread] Step to: 57.0
2025-12-14 18:40:03,794 INFO w.ControlPanel [JavaFX Application Thread] Step to: 58.0
2025-12-14 18:40:03,894 INFO w.ControlPanel [JavaFX Application Thread] Step to: 59.0
2025-12-14 18:40:04,002 INFO w.ControlPanel [JavaFX Application Thread] Step to: 60.0
2025-12-14 18:40:04,111 INFO w.ControlPanel [JavaFX Application Thread] Step to: 61.0
2025-12-14 18:40:04,211 INFO w.ControlPanel [JavaFX Application Thread] Step to: 62.0
2025-12-14 18:40:04,319 INFO w.ControlPanel [JavaFX Application Thread] Step to: 63.0
2025-12-14 18:40:04,427 INFO w.ControlPanel [JavaFX Application Thread] Step to: 64.0
2025-12-14 18:40:04,536 INFO w.ControlPanel [JavaFX Application Thread] Step to: 65.0
2025-12-14 18:40:04,644 INFO w.ControlPanel [JavaFX Application Thread] Step to: 66.0
2025-12-14 18:40:04,752 INFO w.ControlPanel [JavaFX Application Thread] Step to: 67.0
2025-12-14 18:40:04,861 INFO w.ControlPanel [JavaFX Application Thread] Step to: 68.0
2025-12-14 18:40:04,969 INFO w.ControlPanel [JavaFX Application Thread] Step to: 69.0
2025-12-14 18:40:05,077 INFO w.ControlPanel [JavaFX Application Thread] Step to: 70.0
2025-12-14 18:40:05,186 INFO w.ControlPanel [JavaFX Application Thread] Step to: 71.0
2025-12-14 18:40:05,294 INFO w.ControlPanel [JavaFX Application Thread] Step to: 72.0
2025-12-14 18:40:05,402 INFO w.ControlPanel [JavaFX Application Thread] Step to: 73.0
2025-12-14 18:40:05,511 INFO w.ControlPanel [JavaFX Application Thread] Step to: 74.0
2025-12-14 18:40:05,619 INFO w.ControlPanel [JavaFX Application Thread] Step to: 75.0
2025-12-14 18:40:05,727 INFO w.ControlPanel [JavaFX Application Thread] Step to: 76.0
2025-12-14 18:40:05,836 INFO w.ControlPanel [JavaFX Application Thread] Step to: 77.0
2025-12-14 18:40:05,936 INFO w.ControlPanel [JavaFX Application Thread] Step to: 78.0
2025-12-14 18:40:06,044 INFO w.ControlPanel [JavaFX Application Thread] Step to: 79.0
2025-12-14 18:40:06,152 INFO w.ControlPanel [JavaFX Application Thread] Step to: 80.0
2025-12-14 18:40:06,261 INFO w.ControlPanel [JavaFX Application Thread] Step to: 81.0
2025-12-14 18:40:06,369 INFO w.ControlPanel [JavaFX Application Thread] Step to: 82.0
2025-12-14 18:40:06,477 INFO w.ControlPanel [JavaFX Application Thread] Step to: 83.0
2025-12-14 18:40:06,586 INFO w.ControlPanel [JavaFX Application Thread] Step to: 84.0
2025-12-14 18:40:06,694 INFO w.ControlPanel [JavaFX Application Thread] Step to: 85.0
2025-12-14 18:40:06,794 INFO w.ControlPanel [JavaFX Application Thread] Step to: 86.0
2025-12-14 18:40:06,902 INFO w.ControlPanel [JavaFX Application Thread] Step to: 87.0
2025-12-14 18:40:07,011 INFO w.ControlPanel [JavaFX Application Thread] Step to: 88.0
2025-12-14 18:40:07,119 INFO w.ControlPanel [JavaFX Application Thread] Step to: 89.0
2025-12-14 18:40:07,219 INFO w.ControlPanel [JavaFX Application Thread] Step to: 90.0
2025-12-14 18:40:07,319 INFO w.ControlPanel [JavaFX Application Thread] Step to: 91.0
2025-12-14 18:40:07,419 INFO w.ControlPanel [JavaFX Application Thread] Step to: 92.0
2025-12-14 18:40:07,519 INFO w.ControlPanel [JavaFX Application Thread] Step to: 93.0
2025-12-14 18:40:07,627 INFO w.ControlPanel [JavaFX Application Thread] Step to: 94.0
2025-12-14 18:40:07,736 INFO w.ControlPanel [JavaFX Application Thread] Step to: 95.0
2025-12-14 18:40:07,844 INFO w.ControlPanel [JavaFX Application Thread] Step to: 96.0
2025-12-14 18:40:07,944 INFO w.ControlPanel [JavaFX Application Thread] Step to: 97.0
2025-12-14 18:40:08,052 INFO w.ControlPanel [JavaFX Application Thread] Step to: 98.0
2025-12-14 18:40:08,157 INFO w.ControlPanel [JavaFX Application Thread] Step to: 99.0
2025-12-14 18:40:08,264 INFO w.ControlPanel [JavaFX Application Thread] Step to: 100.0
2025-12-14 18:40:08,373 INFO w.ControlPanel [JavaFX Application Thread] Step to: 101.0
2025-12-14 18:40:08,482 INFO w.ControlPanel [JavaFX Application Thread] Step to: 102.0
2025-12-14 18:40:08,590 INFO w.ControlPanel [JavaFX Application Thread] Step to: 103.0
2025-12-14 18:40:08,695 INFO w.ControlPanel [JavaFX Application Thread] Step to: 104.0
2025-12-14 18:40:08,801 INFO w.ControlPanel [JavaFX Application Thread] Step to: 105.0
2025-12-14 18:40:08,902 INFO w.ControlPanel [JavaFX Application Thread] Step to: 106.0
2025-12-14 18:40:09,002 INFO w.ControlPanel [JavaFX Application Thread] Step to: 107.0
2025-12-14 18:40:09,110 INFO w.ControlPanel [JavaFX Application Thread] Step to: 108.0
2025-12-14 18:40:09,215 INFO w.ControlPanel [JavaFX Application Thread] Step to: 109.0
2025-12-14 18:40:09,315 INFO w.ControlPanel [JavaFX Application Thread] Step to: 110.0
2025-12-14 18:40:09,415 INFO w.ControlPanel [JavaFX Application Thread] Step to: 111.0
2025-12-14 18:40:09,523 INFO w.ControlPanel [JavaFX Application Thread] Step to: 112.0
2025-12-14 18:40:09,623 INFO w.ControlPanel [JavaFX Application Thread] Step to: 113.0
2025-12-14 18:40:09,731 INFO w.ControlPanel [JavaFX Application Thread] Step to: 114.0
2025-12-14 18:40:09,831 INFO w.ControlPanel [JavaFX Application Thread] Step to: 115.0
2025-12-14 18:40:09,940 INFO w.ControlPanel [JavaFX Application Thread] Step to: 116.0
2025-12-14 18:40:10,040 INFO w.ControlPanel [JavaFX Application Thread] Step to: 117.0
2025-12-14 18:40:10,148 INFO w.ControlPanel [JavaFX Application Thread] Step to: 118.0
2025-12-14 18:40:10,252 INFO w.ControlPanel [JavaFX Application Thread] Step to: 119.0
2025-12-14 18:40:10,352 INFO w.ControlPanel [JavaFX Application Thread] Step to: 120.0
2025-12-14 18:40:10,452 INFO w.ControlPanel [JavaFX Application Thread] Step to: 121.0
2025-12-14 18:40:10,560 INFO w.ControlPanel [JavaFX Application Thread] Step to: 122.0
2025-12-14 18:40:10,661 INFO w.ControlPanel [JavaFX Application Thread] Step to: 123.0
2025-12-14 18:40:10,769 INFO w.ControlPanel [JavaFX Application Thread] Step to: 124.0
2025-12-14 18:40:10,875 INFO w.ControlPanel [JavaFX Application Thread] Step to: 125.0
2025-12-14 18:40:10,981 INFO w.ControlPanel [JavaFX Application Thread] Step to: 126.0
2025-12-14 18:40:11,090 INFO w.ControlPanel [JavaFX Application Thread] Step to: 127.0
2025-12-14 18:40:11,194 INFO w.ControlPanel [JavaFX Application Thread] Step to: 128.0
2025-12-14 18:40:11,294 INFO w.ControlPanel [JavaFX Application Thread] Step to: 129.0
2025-12-14 18:40:11,394 INFO w.ControlPanel [JavaFX Application Thread] Step to: 130.0
2025-12-14 18:40:11,502 INFO w.ControlPanel [JavaFX Application Thread] Step to: 131.0
2025-12-14 18:40:11,602 INFO w.ControlPanel [JavaFX Application Thread] Step to: 132.0
2025-12-14 18:40:11,711 INFO w.ControlPanel [JavaFX Application Thread] Step to: 133.0
2025-12-14 18:40:11,819 INFO w.ControlPanel [JavaFX Application Thread] Step to: 134.0
2025-12-14 18:40:11,923 INFO w.ControlPanel [JavaFX Application Thread] Step to: 135.0
2025-12-14 18:40:12,031 INFO w.ControlPanel [JavaFX Application Thread] Step to: 136.0
2025-12-14 18:40:12,136 INFO w.ControlPanel [JavaFX Application Thread] Step to: 137.0
2025-12-14 18:40:12,240 INFO w.ControlPanel [JavaFX Application Thread] Step to: 138.0
2025-12-14 18:40:12,344 INFO w.ControlPanel [JavaFX Application Thread] Step to: 139.0
2025-12-14 18:40:12,452 INFO w.ControlPanel [JavaFX Application Thread] Step to: 140.0
2025-12-14 18:40:12,552 INFO w.ControlPanel [JavaFX Application Thread] Step to: 141.0
2025-12-14 18:40:12,660 INFO w.ControlPanel [JavaFX Application Thread] Step to: 142.0
2025-12-14 18:40:12,760 INFO w.ControlPanel [JavaFX Application Thread] Step to: 143.0
2025-12-14 18:40:12,860 INFO w.ControlPanel [JavaFX Application Thread] Step to: 144.0
2025-12-14 18:40:12,961 INFO w.ControlPanel [JavaFX Application Thread] Step to: 145.0
2025-12-14 18:40:13,061 INFO w.ControlPanel [JavaFX Application Thread] Step to: 146.0
2025-12-14 18:40:13,169 INFO w.ControlPanel [JavaFX Application Thread] Step to: 147.0
2025-12-14 18:40:13,277 INFO w.ControlPanel [JavaFX Application Thread] Step to: 148.0
2025-12-14 18:40:13,377 INFO w.ControlPanel [JavaFX Application Thread] Step to: 149.0
2025-12-14 18:40:13,477 INFO w.ControlPanel [JavaFX Application Thread] Step to: 150.0
2025-12-14 18:40:13,586 INFO w.ControlPanel [JavaFX Application Thread] Step to: 151.0
2025-12-14 18:40:13,694 INFO w.ControlPanel [JavaFX Application Thread] Step to: 152.0
2025-12-14 18:40:13,802 INFO w.ControlPanel [JavaFX Application Thread] Step to: 153.0
2025-12-14 18:40:13,911 INFO w.ControlPanel [JavaFX Application Thread] Step to: 154.0
2025-12-14 18:40:14,018 INFO w.ControlPanel [JavaFX Application Thread] Step to: 155.0
2025-12-14 18:40:14,119 INFO w.ControlPanel [JavaFX Application Thread] Step to: 156.0
2025-12-14 18:40:14,226 INFO w.ControlPanel [JavaFX Application Thread] Step to: 157.0
2025-12-14 18:40:14,327 INFO w.ControlPanel [JavaFX Application Thread] Step to: 158.0
2025-12-14 18:40:14,435 INFO w.ControlPanel [JavaFX Application Thread] Step to: 159.0
2025-12-14 18:40:14,536 INFO w.ControlPanel [JavaFX Application Thread] Step to: 160.0
2025-12-14 18:40:14,644 INFO w.ControlPanel [JavaFX Application Thread] Step to: 161.0
2025-12-14 18:40:14,744 INFO w.ControlPanel [JavaFX Application Thread] Step to: 162.0
2025-12-14 18:40:14,844 INFO w.ControlPanel [JavaFX Application Thread] Step to: 163.0
2025-12-14 18:40:14,952 INFO w.ControlPanel [JavaFX Application Thread] Step to: 164.0
2025-12-14 18:40:15,052 INFO w.ControlPanel [JavaFX Application Thread] Step to: 165.0
2025-12-14 18:40:15,160 INFO w.ControlPanel [JavaFX Application Thread] Step to: 166.0
2025-12-14 18:40:15,261 INFO w.ControlPanel [JavaFX Application Thread] Step to: 167.0
2025-12-14 18:40:15,369 INFO w.ControlPanel [JavaFX Application Thread] Step to: 168.0
2025-12-14 18:40:15,469 INFO w.ControlPanel [JavaFX Application Thread] Step to: 169.0
2025-12-14 18:40:15,577 INFO w.ControlPanel [JavaFX Application Thread] Step to: 170.0
2025-12-14 18:40:15,685 INFO w.ControlPanel [JavaFX Application Thread] Step to: 171.0
2025-12-14 18:40:15,785 INFO w.ControlPanel [JavaFX Application Thread] Step to: 172.0
2025-12-14 18:40:15,894 INFO w.ControlPanel [JavaFX Application Thread] Step to: 173.0
2025-12-14 18:40:15,994 INFO w.ControlPanel [JavaFX Application Thread] Step to: 174.0
2025-12-14 18:40:16,101 INFO w.ControlPanel [JavaFX Application Thread] Step to: 175.0
2025-12-14 18:40:16,202 INFO w.ControlPanel [JavaFX Application Thread] Step to: 176.0
2025-12-14 18:40:16,311 INFO w.ControlPanel [JavaFX Application Thread] Step to: 177.0
2025-12-14 18:40:16,419 INFO w.ControlPanel [JavaFX Application Thread] Step to: 178.0
2025-12-14 18:40:16,519 INFO w.ControlPanel [JavaFX Application Thread] Step to: 179.0
2025-12-14 18:40:16,627 INFO w.ControlPanel [JavaFX Application Thread] Step to: 180.0
2025-12-14 18:40:16,736 INFO w.ControlPanel [JavaFX Application Thread] Step to: 181.0
2025-12-14 18:40:16,836 INFO w.ControlPanel [JavaFX Application Thread] Step to: 182.0
2025-12-14 18:40:16,944 INFO w.ControlPanel [JavaFX Application Thread] Step to: 183.0
2025-12-14 18:40:17,053 INFO w.ControlPanel [JavaFX Application Thread] Step to: 184.0
2025-12-14 18:40:17,161 INFO w.ControlPanel [JavaFX Application Thread] Step to: 185.0
2025-12-14 18:40:17,261 INFO w.ControlPanel [JavaFX Application Thread] Step to: 186.0
2025-12-14 18:40:17,369 INFO w.ControlPanel [JavaFX Application Thread] Step to: 187.0
2025-12-14 18:40:17,469 INFO w.ControlPanel [JavaFX Application Thread] Step to: 188.0
2025-12-14 18:40:17,652 INFO w.ControlPanel [JavaFX Application Thread] Step to: 189.0
2025-12-14 18:40:17,752 INFO w.ControlPanel [JavaFX Application Thread] Step to: 190.0
2025-12-14 18:40:17,861 INFO w.ControlPanel [JavaFX Application Thread] Step to: 191.0
2025-12-14 18:40:17,961 INFO w.ControlPanel [JavaFX Application Thread] Step to: 192.0
2025-12-14 18:40:18,066 INFO w.ControlPanel [JavaFX Application Thread] Step to: 193.0
2025-12-14 18:40:18,169 INFO w.ControlPanel [JavaFX Application Thread] Step to: 194.0
2025-12-14 18:40:18,269 INFO w.ControlPanel [JavaFX Application Thread] Step to: 195.0
2025-12-14 18:40:18,369 INFO w.ControlPanel [JavaFX Application Thread] Step to: 196.0
2025-12-14 18:40:18,477 INFO w.ControlPanel [JavaFX Application Thread] Step to: 197.0
2025-12-14 18:40:18,577 INFO w.ControlPanel [JavaFX Application Thread] Step to: 198.0
2025-12-14 18:40:18,686 INFO w.ControlPanel [JavaFX Application Thread] Step to: 199.0
2025-12-14 18:40:18,794 INFO w.ControlPanel [JavaFX Application Thread] Step to: 200.0
2025-12-14 18:40:18,901 INFO w.ControlPanel [JavaFX Application Thread] Step to: 201.0
2025-12-14 18:40:19,002 INFO w.ControlPanel [JavaFX Application Thread] Step to: 202.0
2025-12-14 18:40:19,111 INFO w.ControlPanel [JavaFX Application Thread] Step to: 203.0
2025-12-14 18:40:19,219 INFO w.ControlPanel [JavaFX Application Thread] Step to: 204.0
2025-12-14 18:40:19,327 INFO w.ControlPanel [JavaFX Application Thread] Step to: 205.0
2025-12-14 18:40:19,431 INFO w.ControlPanel [JavaFX Application Thread] Step to: 206.0
2025-12-14 18:40:19,536 INFO w.ControlPanel [JavaFX Application Thread] Step to: 207.0
2025-12-14 18:40:19,644 INFO w.ControlPanel [JavaFX Application Thread] Step to: 208.0
2025-12-14 18:40:19,752 INFO w.ControlPanel [JavaFX Application Thread] Step to: 209.0
2025-12-14 18:40:19,852 INFO w.ControlPanel [JavaFX Application Thread] Step to: 210.0
2025-12-14 18:40:19,952 INFO w.ControlPanel [JavaFX Application Thread] Step to: 211.0
2025-12-14 18:40:20,060 INFO w.ControlPanel [JavaFX Application Thread] Step to: 212.0
2025-12-14 18:40:20,161 INFO w.ControlPanel [JavaFX Application Thread] Step to: 213.0
2025-12-14 18:40:20,269 INFO w.ControlPanel [JavaFX Application Thread] Step to: 214.0
2025-12-14 18:40:20,377 INFO w.ControlPanel [JavaFX Application Thread] Step to: 215.0
2025-12-14 18:40:20,485 INFO w.ControlPanel [JavaFX Application Thread] Step to: 216.0
2025-12-14 18:40:20,593 INFO w.ControlPanel [JavaFX Application Thread] Step to: 217.0
2025-12-14 18:40:20,694 INFO w.ControlPanel [JavaFX Application Thread] Step to: 218.0
2025-12-14 18:40:20,802 INFO w.ControlPanel [JavaFX Application Thread] Step to: 219.0
2025-12-14 18:40:20,902 INFO w.ControlPanel [JavaFX Application Thread] Step to: 220.0
2025-12-14 18:40:21,011 INFO w.ControlPanel [JavaFX Application Thread] Step to: 221.0
2025-12-14 18:40:21,119 INFO w.ControlPanel [JavaFX Application Thread] Step to: 222.0
2025-12-14 18:40:21,227 INFO w.ControlPanel [JavaFX Application Thread] Step to: 223.0
2025-12-14 18:40:21,336 INFO w.ControlPanel [JavaFX Application Thread] Step to: 224.0
2025-12-14 18:40:21,444 INFO w.ControlPanel [JavaFX Application Thread] Step to: 225.0
2025-12-14 18:40:21,552 INFO w.ControlPanel [JavaFX Application Thread] Step to: 226.0
2025-12-14 18:40:21,652 INFO w.ControlPanel [JavaFX Application Thread] Step to: 227.0
2025-12-14 18:40:21,761 INFO w.ControlPanel [JavaFX Application Thread] Step to: 228.0
2025-12-14 18:40:21,868 INFO w.ControlPanel [JavaFX Application Thread] Step to: 229.0
2025-12-14 18:40:21,978 INFO w.ControlPanel [JavaFX Application Thread] Step to: 230.0
2025-12-14 18:40:22,085 INFO w.ControlPanel [JavaFX Application Thread] Step to: 231.0
2025-12-14 18:40:22,186 INFO w.ControlPanel [JavaFX Application Thread] Step to: 232.0
2025-12-14 18:40:22,294 INFO w.ControlPanel [JavaFX Application Thread] Step to: 233.0
2025-12-14 18:40:22,394 INFO w.ControlPanel [JavaFX Application Thread] Step to: 234.0
2025-12-14 18:40:22,494 INFO w.ControlPanel [JavaFX Application Thread] Step to: 235.0
2025-12-14 18:40:22,594 INFO w.ControlPanel [JavaFX Application Thread] Step to: 236.0
2025-12-14 18:40:22,702 INFO w.ControlPanel [JavaFX Application Thread] Step to: 237.0
2025-12-14 18:40:22,810 INFO w.ControlPanel [JavaFX Application Thread] Step to: 238.0
2025-12-14 18:40:22,911 INFO w.ControlPanel [JavaFX Application Thread] Step to: 239.0
2025-12-14 18:40:23,019 INFO w.ControlPanel [JavaFX Application Thread] Step to: 240.0
2025-12-14 18:40:23,127 INFO w.ControlPanel [JavaFX Application Thread] Step to: 241.0
2025-12-14 18:40:23,235 INFO w.ControlPanel [JavaFX Application Thread] Step to: 242.0
2025-12-14 18:40:23,335 INFO w.ControlPanel [JavaFX Application Thread] Step to: 243.0
2025-12-14 18:40:23,436 INFO w.ControlPanel [JavaFX Application Thread] Step to: 244.0
2025-12-14 18:40:23,536 INFO w.ControlPanel [JavaFX Application Thread] Step to: 245.0
2025-12-14 18:40:23,644 INFO w.ControlPanel [JavaFX Application Thread] Step to: 246.0
2025-12-14 18:40:23,752 INFO w.ControlPanel [JavaFX Application Thread] Step to: 247.0
2025-12-14 18:40:23,861 INFO w.ControlPanel [JavaFX Application Thread] Step to: 248.0
2025-12-14 18:40:23,961 INFO w.ControlPanel [JavaFX Application Thread] Step to: 249.0
2025-12-14 18:40:24,018 INFO u.Controller [JavaFX Application Thread] Delay set to: 102ms
2025-12-14 18:40:24,026 INFO u.Controller [JavaFX Application Thread] Delay set to: 108ms
2025-12-14 18:40:24,035 INFO u.Controller [JavaFX Application Thread] Delay set to: 116ms
2025-12-14 18:40:24,043 INFO u.Controller [JavaFX Application Thread] Delay set to: 128ms
2025-12-14 18:40:24,050 INFO u.Controller [JavaFX Application Thread] Delay set to: 144ms
2025-12-14 18:40:24,058 INFO u.Controller [JavaFX Application Thread] Delay set to: 161ms
2025-12-14 18:40:24,067 INFO u.Controller [JavaFX Application Thread] Delay set to: 181ms
2025-12-14 18:40:24,076 INFO u.Controller [JavaFX Application Thread] Delay set to: 195ms
2025-12-14 18:40:24,084 INFO u.Controller [JavaFX Application Thread] Delay set to: 209ms
2025-12-14 18:40:24,092 INFO u.Controller [JavaFX Application Thread] Delay set to: 229ms
2025-12-14 18:40:24,100 INFO u.Controller [JavaFX Application Thread] Delay set to: 240ms
2025-12-14 18:40:24,102 INFO u.Controller [JavaFX Application Thread] Delay set to: 245ms
2025-12-14 18:40:24,111 INFO u.Controller [JavaFX Application Thread] Delay set to: 251ms
2025-12-14 18:40:24,119 INFO u.Controller [JavaFX Application Thread] Delay set to: 259ms
2025-12-14 18:40:24,127 INFO u.Controller [JavaFX Application Thread] Delay set to: 265ms
2025-12-14 18:40:24,136 INFO u.Controller [JavaFX Application Thread] Delay set to: 271ms
2025-12-14 18:40:24,144 INFO u.Controller [JavaFX Application Thread] Delay set to: 273ms
2025-12-14 18:40:24,152 INFO u.Controller [JavaFX Application Thread] Delay set to: 276ms
2025-12-14 18:40:24,161 INFO u.Controller [JavaFX Application Thread] Delay set to: 279ms
2025-12-14 18:40:24,211 INFO u.Controller [JavaFX Application Thread] Delay set to: 282ms
2025-12-14 18:40:24,244 INFO w.ControlPanel [JavaFX Application Thread] Step to: 250.0
2025-12-14 18:40:24,268 INFO u.Controller [JavaFX Application Thread] Delay set to: 285ms
2025-12-14 18:40:24,309 INFO u.Controller [JavaFX Application Thread] Delay set to: 299ms
2025-12-14 18:40:24,310 INFO u.Controller [JavaFX Application Thread] Delay set to: 301ms
2025-12-14 18:40:24,319 INFO u.Controller [JavaFX Application Thread] Delay set to: 304ms
2025-12-14 18:40:24,327 INFO u.Controller [JavaFX Application Thread] Delay set to: 310ms
2025-12-14 18:40:24,334 INFO u.Controller [JavaFX Application Thread] Delay set to: 313ms
2025-12-14 18:40:24,342 INFO u.Controller [JavaFX Application Thread] Delay set to: 315ms
2025-12-14 18:40:24,359 INFO u.Controller [JavaFX Application Thread] Delay set to: 318ms
2025-12-14 18:40:24,393 INFO u.Controller [JavaFX Application Thread] Delay set to: 321ms
2025-12-14 18:40:24,486 INFO u.Controller [JavaFX Application Thread] Delay set to: 318ms
2025-12-14 18:40:24,569 INFO w.ControlPanel [JavaFX Application Thread] Step to: 251.0
2025-12-14 18:40:24,894 INFO w.ControlPanel [JavaFX Application Thread] Step to: 252.0
2025-12-14 18:40:25,219 INFO w.ControlPanel [JavaFX Application Thread] Step to: 253.0
2025-12-14 18:40:25,543 INFO w.ControlPanel [JavaFX Application Thread] Step to: 254.0
2025-12-14 18:40:25,869 INFO w.ControlPanel [JavaFX Application Thread] Step to: 255.0
2025-12-14 18:40:26,194 INFO w.ControlPanel [JavaFX Application Thread] Step to: 256.0
2025-12-14 18:40:26,519 INFO w.ControlPanel [JavaFX Application Thread] Step to: 257.0
2025-12-14 18:40:26,843 INFO w.ControlPanel [JavaFX Application Thread] Step to: 258.0
2025-12-14 18:40:27,168 INFO w.ControlPanel [JavaFX Application Thread] Step to: 259.0
2025-12-14 18:40:27,494 INFO w.ControlPanel [JavaFX Application Thread] Step to: 260.0
2025-12-14 18:40:27,819 INFO u.Controller [JavaFX Application Thread] Max Speed: 19.85974754558205
2025-12-14 18:40:27,820 INFO w.ControlPanel [JavaFX Application Thread] Step to: 261.0
2025-12-14 18:40:27,853 INFO u.Controller [JavaFX Application Thread] Max Speed: 18.17671809256662
2025-12-14 18:40:27,913 INFO u.Controller [JavaFX Application Thread] Max Speed: 14.249649368863956
2025-12-14 18:40:27,920 INFO u.Controller [JavaFX Application Thread] Max Speed: 13.969144460028051
2025-12-14 18:40:27,924 INFO u.Controller [JavaFX Application Thread] Max Speed: 13.828892005610099
2025-12-14 18:40:27,931 INFO u.Controller [JavaFX Application Thread] Max Speed: 13.688639551192146
2025-12-14 18:40:27,938 INFO u.Controller [JavaFX Application Thread] Max Speed: 13.548387096774196
2025-12-14 18:40:27,946 INFO u.Controller [JavaFX Application Thread] Max Speed: 13.408134642356243
2025-12-14 18:40:28,144 INFO w.ControlPanel [JavaFX Application Thread] Step to: 262.0
2025-12-14 18:40:28,469 INFO w.ControlPanel [JavaFX Application Thread] Step to: 263.0
2025-12-14 18:40:28,794 INFO w.ControlPanel [JavaFX Application Thread] Step to: 264.0
2025-12-14 18:40:29,119 INFO w.ControlPanel [JavaFX Application Thread] Step to: 265.0
2025-12-14 18:40:29,444 INFO w.ControlPanel [JavaFX Application Thread] Step to: 266.0
2025-12-14 18:40:29,769 INFO w.ControlPanel [JavaFX Application Thread] Step to: 267.0
2025-12-14 18:40:30,094 INFO w.ControlPanel [JavaFX Application Thread] Step to: 268.0
2025-12-14 18:40:30,378 INFO u.Controller [JavaFX Application Thread] User requested: FORCING ALL LIGHTS TO RED.
2025-12-14 18:40:30,418 INFO w.ControlPanel [JavaFX Application Thread] Step to: 269.0
2025-12-14 18:40:30,744 INFO w.ControlPanel [JavaFX Application Thread] Step to: 270.0
2025-12-14 18:40:31,069 INFO w.ControlPanel [JavaFX Application Thread] Step to: 271.0
2025-12-14 18:40:31,394 INFO w.ControlPanel [JavaFX Application Thread] Step to: 272.0
2025-12-14 18:40:31,719 INFO w.ControlPanel [JavaFX Application Thread] Step to: 273.0
2025-12-14 18:40:31,794 INFO u.Controller [JavaFX Application Thread] User requested: FORCING ALL LIGHTS TO GREEN.
2025-12-14 18:40:32,044 INFO w.ControlPanel [JavaFX Application Thread] Step to: 274.0
2025-12-14 18:40:32,368 INFO w.ControlPanel [JavaFX Application Thread] Step to: 275.0
2025-12-14 18:40:32,694 INFO w.ControlPanel [JavaFX Application Thread] Step to: 276.0
2025-12-14 18:40:33,018 INFO w.ControlPanel [JavaFX Application Thread] Step to: 277.0
2025-12-14 18:40:33,343 INFO w.ControlPanel [JavaFX Application Thread] Step to: 278.0
2025-12-14 18:40:33,669 INFO w.ControlPanel [JavaFX Application Thread] Step to: 279.0
2025-12-14 18:40:33,994 INFO w.ControlPanel [JavaFX Application Thread] Step to: 280.0
2025-12-14 18:40:34,318 INFO w.ControlPanel [JavaFX Application Thread] Step to: 281.0
2025-12-14 18:40:34,644 INFO w.ControlPanel [JavaFX Application Thread] Step to: 282.0
2025-12-14 18:40:34,969 INFO w.ControlPanel [JavaFX Application Thread] Step to: 283.0
2025-12-14 18:40:35,294 INFO w.ControlPanel [JavaFX Application Thread] Step to: 284.0
2025-12-14 18:40:35,619 INFO w.ControlPanel [JavaFX Application Thread] Step to: 285.0
2025-12-14 18:40:35,943 INFO w.ControlPanel [JavaFX Application Thread] Step to: 286.0
2025-12-14 18:40:36,168 INFO u.Controller [JavaFX Application Thread] User requested: RESTORING AUTOMATIC PROGRAM.
2025-12-14 18:40:36,170 ERROR w.ControlPanel [JavaFX Application Thread] All traffic lights turned ON.
2025-12-14 18:40:36,268 INFO w.ControlPanel [JavaFX Application Thread] Step to: 287.0
2025-12-14 18:40:36,593 INFO w.ControlPanel [JavaFX Application Thread] Step to: 288.0
2025-12-14 18:40:36,918 INFO w.ControlPanel [JavaFX Application Thread] Step to: 289.0
2025-12-14 18:40:37,244 INFO w.ControlPanel [JavaFX Application Thread] Step to: 290.0
2025-12-14 18:40:37,569 INFO w.ControlPanel [JavaFX Application Thread] Step to: 291.0
2025-12-14 18:40:37,894 INFO w.ControlPanel [JavaFX Application Thread] Step to: 292.0
2025-12-14 18:40:38,219 INFO w.ControlPanel [JavaFX Application Thread] Step to: 293.0
2025-12-14 18:40:38,544 INFO w.ControlPanel [JavaFX Application Thread] Step to: 294.0
2025-12-14 18:40:38,869 INFO w.ControlPanel [JavaFX Application Thread] Step to: 295.0
2025-12-14 18:40:39,194 INFO w.ControlPanel [JavaFX Application Thread] Step to: 296.0
2025-12-14 18:40:39,519 INFO w.ControlPanel [JavaFX Application Thread] Step to: 297.0
2025-12-14 18:40:39,844 INFO w.ControlPanel [JavaFX Application Thread] Step to: 298.0
2025-12-14 18:40:40,169 INFO w.ControlPanel [JavaFX Application Thread] Step to: 299.0
2025-12-14 18:40:40,494 INFO w.ControlPanel [JavaFX Application Thread] Step to: 300.0
2025-12-14 18:40:40,819 INFO w.ControlPanel [JavaFX Application Thread] Step to: 301.0
2025-12-14 18:40:41,144 INFO w.ControlPanel [JavaFX Application Thread] Step to: 302.0
2025-12-14 18:40:41,468 INFO w.ControlPanel [JavaFX Application Thread] Step to: 303.0
2025-12-14 18:40:41,794 INFO w.ControlPanel [JavaFX Application Thread] Step to: 304.0
2025-12-14 18:40:42,119 INFO w.ControlPanel [JavaFX Application Thread] Step to: 305.0
2025-12-14 18:40:42,444 INFO w.ControlPanel [JavaFX Application Thread] Step to: 306.0
2025-12-14 18:40:42,769 INFO w.ControlPanel [JavaFX Application Thread] Step to: 307.0
2025-12-14 18:40:43,094 INFO w.ControlPanel [JavaFX Application Thread] Step to: 308.0
2025-12-14 18:40:43,419 INFO w.ControlPanel [JavaFX Application Thread] Step to: 309.0
2025-12-14 18:40:43,744 INFO w.ControlPanel [JavaFX Application Thread] Step to: 310.0
2025-12-14 18:40:44,068 INFO w.ControlPanel [JavaFX Application Thread] Step to: 311.0
2025-12-14 18:40:44,394 INFO w.ControlPanel [JavaFX Application Thread] Step to: 312.0
2025-12-14 18:40:44,719 INFO w.ControlPanel [JavaFX Application Thread] Step to: 313.0
2025-12-14 18:40:45,044 INFO w.ControlPanel [JavaFX Application Thread] Step to: 314.0
2025-12-14 18:40:45,365 INFO w.ControlPanel [JavaFX Application Thread] Step to: 315.0
2025-12-14 18:40:45,690 INFO w.ControlPanel [JavaFX Application Thread] Step to: 316.0
2025-12-14 18:40:46,015 INFO w.ControlPanel [JavaFX Application Thread] Step to: 317.0
2025-12-14 18:40:46,340 INFO w.ControlPanel [JavaFX Application Thread] Step to: 318.0
2025-12-14 18:40:46,665 INFO w.ControlPanel [JavaFX Application Thread] Step to: 319.0
2025-12-14 18:40:46,990 INFO w.ControlPanel [JavaFX Application Thread] Step to: 320.0
2025-12-14 18:40:47,311 INFO w.ControlPanel [JavaFX Application Thread] Step to: 321.0
2025-12-14 18:40:47,636 INFO w.ControlPanel [JavaFX Application Thread] Step to: 322.0
2025-12-14 18:40:47,960 INFO w.ControlPanel [JavaFX Application Thread] Step to: 323.0
2025-12-14 18:40:48,286 INFO w.ControlPanel [JavaFX Application Thread] Step to: 324.0
2025-12-14 18:40:48,606 INFO w.ControlPanel [JavaFX Application Thread] Step to: 325.0
2025-12-14 18:40:48,931 INFO w.ControlPanel [JavaFX Application Thread] Step to: 326.0
2025-12-14 18:40:49,256 INFO w.ControlPanel [JavaFX Application Thread] Step to: 327.0
2025-12-14 18:40:49,577 INFO w.ControlPanel [JavaFX Application Thread] Step to: 328.0
2025-12-14 18:40:49,902 INFO w.ControlPanel [JavaFX Application Thread] Step to: 329.0
2025-12-14 18:40:50,227 INFO w.ControlPanel [JavaFX Application Thread] Step to: 330.0
2025-12-14 18:40:50,552 INFO w.ControlPanel [JavaFX Application Thread] Step to: 331.0
2025-12-14 18:40:50,877 INFO w.ControlPanel [JavaFX Application Thread] Step to: 332.0
2025-12-14 18:40:51,202 INFO w.ControlPanel [JavaFX Application Thread] Step to: 333.0
2025-12-14 18:40:51,527 INFO w.ControlPanel [JavaFX Application Thread] Step to: 334.0
2025-12-14 18:40:51,852 INFO w.ControlPanel [JavaFX Application Thread] Step to: 335.0
2025-12-14 18:40:52,177 INFO w.ControlPanel [JavaFX Application Thread] Step to: 336.0
2025-12-14 18:40:52,502 INFO w.ControlPanel [JavaFX Application Thread] Step to: 337.0
2025-12-14 18:40:52,823 INFO w.ControlPanel [JavaFX Application Thread] Step to: 338.0
